<?xml version="1.0" encoding="UTF-8"?>
<!-- Generated by org.testng.reporters.JUnitReportReporter -->
<testsuite hostname="DESKTOP-MT4B5IO" failures="0" tests="1" name="StreamsTutorijal.test1" time="0.016" errors="0" timestamp="2023-08-06T01:50:42 CEST" skipped="0">
  <testcase classname="StreamsTutorijal.test1" name="streamCollect" time="0.016"/>
</testsuite> <!-- StreamsTutorijal.test1 -->
